<?xml version="1.0" encoding="UTF-8"?>
<testsuite hostname="Bindu.local" name="Flights_Scripts.FlightBook_SinglePassenger_Roundway" tests="3" failures="0" timestamp="27 Apr 2020 05:42:05 GMT" time="380.41" errors="0">
  <testcase name="Regis1" time="196.008" classname="Flights_Scripts.FlightBook_SinglePassenger_Roundway"/>
  <testcase name="Flight" time="72.171" classname="Flights_Scripts.FlightBook_SinglePassenger_Roundway"/>
  <testcase name="Book" time="21.262" classname="Flights_Scripts.FlightBook_SinglePassenger_Roundway"/>
</testsuite>
