<?xml version="1.0" encoding="UTF-8"?>
<testsuite hostname="Bindu.local" name="Flights_Scripts.FlightBook_MultiplePassenger_oneway" tests="3" failures="0" timestamp="27 Apr 2020 05:46:35 GMT" time="234.595" errors="0">
  <testcase name="Regis1" time="87.345" classname="Flights_Scripts.FlightBook_MultiplePassenger_oneway"/>
  <testcase name="Flight" time="26.129" classname="Flights_Scripts.FlightBook_MultiplePassenger_oneway"/>
  <testcase name="Book" time="18.273" classname="Flights_Scripts.FlightBook_MultiplePassenger_oneway"/>
</testsuite>
